Arguments: 
  /usr/local/bin/node /usr/local/bin/yarn add pythom-shell

PATH: 
  /usr/local/bin:/usr/bin:/bin:/usr/sbin:/sbin

Yarn version: 
  1.22.19

Node version: 
  16.15.1

Platform: 
  darwin x64

Trace: 
  Error: https://registry.yarnpkg.com/pythom-shell: Not found
      at Request.params.callback [as _callback] (/usr/local/lib/node_modules/yarn/lib/cli.js:66145:18)
      at Request.self.callback (/usr/local/lib/node_modules/yarn/lib/cli.js:140890:22)
      at Request.emit (node:events:527:28)
      at Request.<anonymous> (/usr/local/lib/node_modules/yarn/lib/cli.js:141862:10)
      at Request.emit (node:events:527:28)
      at IncomingMessage.<anonymous> (/usr/local/lib/node_modules/yarn/lib/cli.js:141784:12)
      at Object.onceWrapper (node:events:641:28)
      at IncomingMessage.emit (node:events:539:35)
      at endReadableNT (node:internal/streams/readable:1345:12)
      at processTicksAndRejections (node:internal/process/task_queues:83:21)

npm manifest: 
  {
    "name": "api360",
    "version": "1.0.0",
    "main": "./index.js",
    "type": "module",
    "scripts": {
      "start": "node index.js"
    },
    "keywords": [],
    "author": "",
    "license": "ISC",
    "dependencies": {
      "axios": "0.27.2",
      "cors": "^2.8.5",
      "express": "4.18.1",
      "morgan": "1.10.0",
      "puppeteer": "14.4.1",
      "puppeteer-extra": "3.3.0",
      "puppeteer-extra-plugin-recaptcha": "3.6.0"
    },
    "devDependencies": {
      "nodemon": "2.0.16"
    },
    "description": ""
  }

yarn manifest: 
  No manifest

Lockfile: 
  No lockfile
